PLINK v2.0.0-a.6.12 64-bit (20 Apr 2025)
Options in effect:
  --export vcf
  --map sativas413.map
  --out sativas413
  --ped sativas413.ped

Hostname: DESKTOP-LR9BNGN
Working directory: D:\GIT_DIANA VARGAS\DIVERSIDAD-GENÉTICA.2025-1\RiceDiversity
Start time: Sat Apr 26 10:19:17 2025

Random number seed: 1745680757
7987 MiB RAM detected; reserving 3993 MiB for main workspace.
Using up to 8 compute threads.
--pedmap: 36901 variants in .map file.
--pedmap: 413 samples present, genotypes extracted to
sativas413-temporary.bed.smaj .
Transposing sample-major .bed to sativas413-temporary.pgen , and setting major
alleles to provisional-REF.
Transpose complete.
--pedmap: sativas413-temporary.pgen + sativas413-temporary.pvar +
sativas413-temporary.psam written. .bed.smaj and .fam.tmp temporary files
deleted.
413 samples (0 females, 0 males, 413 ambiguous; 413 founders) loaded from
sativas413-temporary.psam.
36901 variants loaded from sativas413-temporary.pvar.
Note: No phenotype data present.
--export vcf to sativas413.vcf ... done.

End time: Sat Apr 26 10:19:17 2025
